<?xml version="1.0" encoding="UTF-8"?>
<!-- Generated by org.testng.reporters.JUnitReportReporter -->
<testsuite skipped="0" hostname="SHIRIDIX03" name="AutomationDemo.DemoSite.BrowserLaunch" tests="1" failures="0" timestamp="28 Apr 2020 08:16:50 GMT" time="9.670" errors="0">
  <testcase name="browserLaunch" time="9.670" classname="AutomationDemo.DemoSite.BrowserLaunch"/>
</testsuite> <!-- AutomationDemo.DemoSite.BrowserLaunch -->
