<?xml version="1.0" encoding="UTF-8"?>
<!-- Generated by org.testng.reporters.JUnitReportReporter -->
<testsuite skipped="0" hostname="SHIRIDIX03" name="Testcases.IndexTest" tests="2" failures="0" timestamp="28 Apr 2020 08:16:50 GMT" time="12.236" errors="0">
  <testcase name="browserLaunch" time="9.501" classname="Testcases.IndexTest"/>
  <testcase name="testone" time="2.735" classname="Testcases.IndexTest"/>
</testsuite> <!-- Testcases.IndexTest -->
